<?xml version="1.0" encoding="UTF-8"?><testsuite errors="1" failures="0" name="Autenticacion en la pagina de Facebook" skipped="0" tests="1" time="0.26" timestamp="2025-05-16 06:16:57"><testcase name="Verificar la autenticacion exitosa en la pagina de Facebook"><error type="java.lang.ExceptionInInitializerError"/><system-err>null&#13;
cucumber.deps.com.thoughtworks.xstream.XStream.setupConverters(XStream.java:820)&#13;
cucumber.deps.com.thoughtworks.xstream.XStream.&lt;init&gt;(XStream.java:574)&#13;
cucumber.deps.com.thoughtworks.xstream.XStream.&lt;init&gt;(XStream.java:530)&#13;
cucumber.runner.Runner.runPickle(Runner.java:80)&#13;
worker.org.gradle.process.internal.worker.GradleWorkerMain.run(GradleWorkerMain.java:69)&#13;
worker.org.gradle.process.internal.worker.GradleWorkerMain.main(GradleWorkerMain.java:74)&#13;
✽.que el usuario se encuentra en la pagina de inicio de sesion de Facebook(src/test/resources/feature/autentificacion_facebook.feature:12)&#13;
</system-err></testcase></testsuite>